Build started 2016/7/23 16:28:23.
     1>Project "D:\Users\zcits\Documents\visual studio 2010\Projects\Prototype Pattern\Prototype Pattern\Prototype Pattern.vcxproj" on node 2 (build target(s)).
     1>InitializeBuildStatus:
         Creating "Debug\Prototype Pattern.unsuccessfulbuild" because "AlwaysCreate" was specified.
       ClCompile:
         X:\Program Files (x86)\Microsoft Visual Studio 10.0\VC\bin\CL.exe /c /ZI /nologo /W3 /WX- /Od /Oy- /D _MBCS /Gm /EHsc /RTC1 /MDd /GS /fp:precise /Zc:wchar_t /Zc:forScope /Fo"Debug\\" /Fd"Debug\vc100.pdb" /Gd /TP /analyze- /errorReport:prompt "Prototype Pattern.cpp"
         Prototype Pattern.cpp
     1>d:\users\zcits\documents\visual studio 2010\projects\prototype pattern\prototype pattern\prototype pattern.cpp(84): warning C4018: '<' : signed/unsigned mismatch
       Link:
         X:\Program Files (x86)\Microsoft Visual Studio 10.0\VC\bin\link.exe /ERRORREPORT:PROMPT /OUT:"D:\Users\zcits\Documents\visual studio 2010\Projects\Prototype Pattern\Debug\Prototype Pattern.exe" /NOLOGO kernel32.lib user32.lib gdi32.lib winspool.lib comdlg32.lib advapi32.lib shell32.lib ole32.lib oleaut32.lib uuid.lib odbc32.lib odbccp32.lib /MANIFEST /ManifestFile:"Debug\Prototype Pattern.exe.intermediate.manifest" /MANIFESTUAC:"level='asInvoker' uiAccess='false'" /DEBUG /PDB:"D:\Users\zcits\Documents\visual studio 2010\Projects\Prototype Pattern\Debug\Prototype Pattern.pdb" /TLBID:1 /DYNAMICBASE /NXCOMPAT /IMPLIB:"D:\Users\zcits\Documents\visual studio 2010\Projects\Prototype Pattern\Debug\Prototype Pattern.lib" /MACHINE:X86 "Debug\Prototype Pattern.obj"
         LINK : D:\Users\zcits\Documents\visual studio 2010\Projects\Prototype Pattern\Debug\Prototype Pattern.exe not found or not built by the last incremental link; performing full link
         Prototype Pattern.vcxproj -> D:\Users\zcits\Documents\visual studio 2010\Projects\Prototype Pattern\Debug\Prototype Pattern.exe
       Manifest:
         X:\Program Files (x86)\Microsoft SDKs\Windows\v7.0A\bin\mt.exe /nologo /verbose /outputresource:"D:\Users\zcits\Documents\visual studio 2010\Projects\Prototype Pattern\Debug\Prototype Pattern.exe;#1" /manifest "Debug\Prototype Pattern.exe.intermediate.manifest"
       FinalizeBuildStatus:
         Deleting file "Debug\Prototype Pattern.unsuccessfulbuild".
         Touching "Debug\Prototype Pattern.lastbuildstate".
     1>Done Building Project "D:\Users\zcits\Documents\visual studio 2010\Projects\Prototype Pattern\Prototype Pattern\Prototype Pattern.vcxproj" (build target(s)).

Build succeeded.

Time Elapsed 00:00:01.11
