Build started 2016/7/23 11:53:33.
     1>Project "D:\Users\zcits\Documents\visual studio 2010\Projects\observer pattern\observer pattern\observer pattern.vcxproj" on node 2 (build target(s)).
     1>InitializeBuildStatus:
         Creating "Debug\observer pattern.unsuccessfulbuild" because "AlwaysCreate" was specified.
       ClCompile:
         X:\Program Files (x86)\Microsoft Visual Studio 10.0\VC\bin\CL.exe /c /ZI /nologo /W3 /WX- /Od /Oy- /D _MBCS /Gm /EHsc /RTC1 /MDd /GS /fp:precise /Zc:wchar_t /Zc:forScope /Fo"Debug\\" /Fd"Debug\vc100.pdb" /Gd /TP /analyze- /errorReport:prompt "observer pattern.cpp"
         observer pattern.cpp
     1>d:\users\zcits\documents\visual studio 2010\projects\observer pattern\observer pattern\observer pattern.cpp(69): warning C4996: '_strtime': This function or variable may be unsafe. Consider using _strtime_s instead. To disable deprecation, use _CRT_SECURE_NO_WARNINGS. See online help for details.
                 x:\program files (x86)\microsoft visual studio 10.0\vc\include\time.h(181) : see declaration of '_strtime'
     1>d:\users\zcits\documents\visual studio 2010\projects\observer pattern\observer pattern\observer pattern.cpp(87): warning C4996: '_strtime': This function or variable may be unsafe. Consider using _strtime_s instead. To disable deprecation, use _CRT_SECURE_NO_WARNINGS. See online help for details.
                 x:\program files (x86)\microsoft visual studio 10.0\vc\include\time.h(181) : see declaration of '_strtime'
     1>d:\users\zcits\documents\visual studio 2010\projects\observer pattern\observer pattern\observer pattern.cpp(94): warning C4996: 'strncpy': This function or variable may be unsafe. Consider using strncpy_s instead. To disable deprecation, use _CRT_SECURE_NO_WARNINGS. See online help for details.
                 x:\program files (x86)\microsoft visual studio 10.0\vc\include\string.h(188) : see declaration of 'strncpy'
     1>d:\users\zcits\documents\visual studio 2010\projects\observer pattern\observer pattern\observer pattern.cpp(103): warning C4996: 'strncpy': This function or variable may be unsafe. Consider using strncpy_s instead. To disable deprecation, use _CRT_SECURE_NO_WARNINGS. See online help for details.
                 x:\program files (x86)\microsoft visual studio 10.0\vc\include\string.h(188) : see declaration of 'strncpy'
     1>d:\users\zcits\documents\visual studio 2010\projects\observer pattern\observer pattern\observer pattern.cpp(112): warning C4996: 'strncpy': This function or variable may be unsafe. Consider using strncpy_s instead. To disable deprecation, use _CRT_SECURE_NO_WARNINGS. See online help for details.
                 x:\program files (x86)\microsoft visual studio 10.0\vc\include\string.h(188) : see declaration of 'strncpy'
       Link:
         X:\Program Files (x86)\Microsoft Visual Studio 10.0\VC\bin\link.exe /ERRORREPORT:PROMPT /OUT:"D:\Users\zcits\Documents\visual studio 2010\Projects\observer pattern\Debug\observer pattern.exe" /NOLOGO kernel32.lib user32.lib gdi32.lib winspool.lib comdlg32.lib advapi32.lib shell32.lib ole32.lib oleaut32.lib uuid.lib odbc32.lib odbccp32.lib /MANIFEST /ManifestFile:"Debug\observer pattern.exe.intermediate.manifest" /MANIFESTUAC:"level='asInvoker' uiAccess='false'" /DEBUG /PDB:"D:\Users\zcits\Documents\visual studio 2010\Projects\observer pattern\Debug\observer pattern.pdb" /TLBID:1 /DYNAMICBASE /NXCOMPAT /IMPLIB:"D:\Users\zcits\Documents\visual studio 2010\Projects\observer pattern\Debug\observer pattern.lib" /MACHINE:X86 "Debug\observer pattern.obj"
         LINK : D:\Users\zcits\Documents\visual studio 2010\Projects\observer pattern\Debug\observer pattern.exe not found or not built by the last incremental link; performing full link
         observer pattern.vcxproj -> D:\Users\zcits\Documents\visual studio 2010\Projects\observer pattern\Debug\observer pattern.exe
       Manifest:
         X:\Program Files (x86)\Microsoft SDKs\Windows\v7.0A\bin\mt.exe /nologo /verbose /outputresource:"D:\Users\zcits\Documents\visual studio 2010\Projects\observer pattern\Debug\observer pattern.exe;#1" /manifest "Debug\observer pattern.exe.intermediate.manifest"
       FinalizeBuildStatus:
         Deleting file "Debug\observer pattern.unsuccessfulbuild".
         Touching "Debug\observer pattern.lastbuildstate".
     1>Done Building Project "D:\Users\zcits\Documents\visual studio 2010\Projects\observer pattern\observer pattern\observer pattern.vcxproj" (build target(s)).

Build succeeded.

Time Elapsed 00:00:01.07
